# JRE version: OpenJDK Runtime Environment Microsoft-8902769 (17.0.10+7) (build 17.0.10+7-LTS)
# Java VM: OpenJDK 64-Bit Server VM Microsoft-8902769 (17.0.10+7-LTS, mixed mode, sharing, tiered, compressed oops, compressed class ptrs, g1 gc, windows-amd64)
GC Precious Log:
 CPUs: 12 total, 12 available
 Memory: 16205M
 Large Page Support: Disabled
 NUMA Support: Disabled
 Compressed Oops: Enabled (32-bit)
 Heap Region Size: 1M
 Heap Min Capacity: 8M
 Heap Initial Capacity: 254M
 Heap Max Capacity: 2G
 Pre-touch: Disabled
 Parallel Workers: 10
 Concurrent Workers: 3
 Concurrent Refinement Workers: 10
 Periodic GC: Disabled
Heap:
 garbage-first heap   total 324608K, used 195888K [0x0000000080000000, 0x0000000100000000)
  region size 1024K, 14 young (14336K), 5 survivors (5120K)
 Metaspace       used 109392K, committed 110528K, reserved 557056K
  class space    used 15279K, committed 15808K, reserved 425984K
GC Heap History (20 events):
Event: 33.143 GC heap before
{Heap before GC invocations=46 (full 0):
 garbage-first heap   total 249856K, used 121819K [0x0000000080000000, 0x0000000100000000)
  region size 1024K, 19 young (19456K), 11 survivors (11264K)
 Metaspace       used 100407K, committed 101312K, reserved 557056K
  class space    used 14065K, committed 14528K, reserved 425984K
}
Event: 33.150 GC heap after
{Heap after GC invocations=47 (full 0):
 garbage-first heap   total 249856K, used 116771K [0x0000000080000000, 0x0000000100000000)
  region size 1024K, 3 young (3072K), 3 survivors (3072K)
 Metaspace       used 100407K, committed 101312K, reserved 557056K
  class space    used 14065K, committed 14528K, reserved 425984K
}
Event: 34.958 GC heap before
{Heap before GC invocations=48 (full 0):
 garbage-first heap   total 249856K, used 205859K [0x0000000080000000, 0x0000000100000000)
  region size 1024K, 83 young (84992K), 3 survivors (3072K)
 Metaspace       used 101915K, committed 102912K, reserved 557056K
  class space    used 14280K, committed 14784K, reserved 425984K
}
Event: 34.969 GC heap after
{Heap after GC invocations=49 (full 0):
 garbage-first heap   total 249856K, used 142658K [0x0000000080000000, 0x0000000100000000)
  region size 1024K, 11 young (11264K), 11 survivors (11264K)
 Metaspace       used 101915K, committed 102912K, reserved 557056K
  class space    used 14280K, committed 14784K, reserved 425984K
}
Event: 34.993 GC heap before
{Heap before GC invocations=49 (full 0):
 garbage-first heap   total 249856K, used 143682K [0x0000000080000000, 0x0000000100000000)
  region size 1024K, 12 young (12288K), 11 survivors (11264K)
 Metaspace       used 101997K, committed 102976K, reserved 557056K
  class space    used 14295K, committed 14784K, reserved 425984K
}
Event: 35.000 GC heap after
{Heap after GC invocations=50 (full 0):
 garbage-first heap   total 249856K, used 142507K [0x0000000080000000, 0x0000000100000000)
  region size 1024K, 1 young (1024K), 1 survivors (1024K)
 Metaspace       used 101997K, committed 102976K, reserved 557056K
  class space    used 14295K, committed 14784K, reserved 425984K
}
Event: 36.069 GC heap before
{Heap before GC invocations=50 (full 0):
 garbage-first heap   total 249856K, used 199851K [0x0000000080000000, 0x0000000100000000)
  region size 1024K, 57 young (58368K), 1 survivors (1024K)
 Metaspace       used 104814K, committed 105856K, reserved 557056K
  class space    used 14676K, committed 15168K, reserved 425984K
}
Event: 36.074 GC heap after
{Heap after GC invocations=51 (full 0):
 garbage-first heap   total 249856K, used 146697K [0x0000000080000000, 0x0000000100000000)
  region size 1024K, 5 young (5120K), 5 survivors (5120K)
 Metaspace       used 104814K, committed 105856K, reserved 557056K
  class space    used 14676K, committed 15168K, reserved 425984K
}
Event: 36.840 GC heap before
{Heap before GC invocations=51 (full 0):
 garbage-first heap   total 249856K, used 203017K [0x0000000080000000, 0x0000000100000000)
  region size 1024K, 60 young (61440K), 5 survivors (5120K)
 Metaspace       used 107842K, committed 108864K, reserved 557056K
  class space    used 15103K, committed 15552K, reserved 425984K
}
Event: 36.847 GC heap after
{Heap after GC invocations=52 (full 0):
 garbage-first heap   total 249856K, used 150278K [0x0000000080000000, 0x0000000100000000)
  region size 1024K, 4 young (4096K), 4 survivors (4096K)
 Metaspace       used 107842K, committed 108864K, reserved 557056K
  class space    used 15103K, committed 15552K, reserved 425984K
}
Event: 37.557 GC heap before
{Heap before GC invocations=52 (full 0):
 garbage-first heap   total 249856K, used 204550K [0x0000000080000000, 0x0000000100000000)
  region size 1024K, 57 young (58368K), 4 survivors (4096K)
 Metaspace       used 108386K, committed 109376K, reserved 557056K
  class space    used 15169K, committed 15616K, reserved 425984K
}
Event: 37.565 GC heap after
{Heap after GC invocations=53 (full 0):
 garbage-first heap   total 249856K, used 158687K [0x0000000080000000, 0x0000000100000000)
  region size 1024K, 8 young (8192K), 8 survivors (8192K)
 Metaspace       used 108386K, committed 109376K, reserved 557056K
  class space    used 15169K, committed 15616K, reserved 425984K
}
Event: 38.179 GC heap before
{Heap before GC invocations=54 (full 0):
 garbage-first heap   total 280576K, used 203743K [0x0000000080000000, 0x0000000100000000)
  region size 1024K, 52 young (53248K), 8 survivors (8192K)
 Metaspace       used 108491K, committed 109504K, reserved 557056K
  class space    used 15180K, committed 15680K, reserved 425984K
}
Event: 38.188 GC heap after
{Heap after GC invocations=55 (full 0):
 garbage-first heap   total 280576K, used 166696K [0x0000000080000000, 0x0000000100000000)
  region size 1024K, 7 young (7168K), 7 survivors (7168K)
 Metaspace       used 108491K, committed 109504K, reserved 557056K
  class space    used 15180K, committed 15680K, reserved 425984K
}
Event: 38.264 GC heap before
{Heap before GC invocations=55 (full 0):
 garbage-first heap   total 280576K, used 172840K [0x0000000080000000, 0x0000000100000000)
  region size 1024K, 13 young (13312K), 7 survivors (7168K)
 Metaspace       used 108602K, committed 109632K, reserved 557056K
  class space    used 15193K, committed 15680K, reserved 425984K
}
Event: 38.270 GC heap after
{Heap after GC invocations=56 (full 0):
 garbage-first heap   total 280576K, used 168230K [0x0000000080000000, 0x0000000100000000)
  region size 1024K, 2 young (2048K), 2 survivors (2048K)
 Metaspace       used 108602K, committed 109632K, reserved 557056K
  class space    used 15193K, committed 15680K, reserved 425984K
}
Event: 39.479 GC heap before
{Heap before GC invocations=56 (full 0):
 garbage-first heap   total 280576K, used 227622K [0x0000000080000000, 0x0000000100000000)
  region size 1024K, 59 young (60416K), 2 survivors (2048K)
 Metaspace       used 109216K, committed 110272K, reserved 557056K
  class space    used 15260K, committed 15744K, reserved 425984K
}
Event: 39.503 GC heap after
{Heap after GC invocations=57 (full 0):
 garbage-first heap   total 280576K, used 181236K [0x0000000080000000, 0x0000000100000000)
  region size 1024K, 8 young (8192K), 8 survivors (8192K)
 Metaspace       used 109216K, committed 110272K, reserved 557056K
  class space    used 15260K, committed 15744K, reserved 425984K
}
Event: 39.801 GC heap before
{Heap before GC invocations=57 (full 0):
 garbage-first heap   total 280576K, used 204788K [0x0000000080000000, 0x0000000100000000)
  region size 1024K, 32 young (32768K), 8 survivors (8192K)
 Metaspace       used 109292K, committed 110400K, reserved 557056K
  class space    used 15267K, committed 15808K, reserved 425984K
}
Event: 39.812 GC heap after
{Heap after GC invocations=58 (full 0):
 garbage-first heap   total 280576K, used 185648K [0x0000000080000000, 0x0000000100000000)
  region size 1024K, 5 young (5120K), 5 survivors (5120K)
 Metaspace       used 109292K, committed 110400K, reserved 557056K
  class space    used 15267K, committed 15808K, reserved 425984K
}

